<?xml version="1.0" encoding="UTF-8"?>
<testsuite xmlns:xsi="http://www.w3.org/2001/XMLSchema-instance" xsi:noNamespaceSchemaLocation="https://maven.apache.org/surefire/maven-surefire-plugin/xsd/surefire-test-report-3.0.xsd" version="3.0" name="com.example.tests.SimpleBoardTest" time="2.163" tests="2" errors="0" skipped="0" failures="0">
  <properties>
[...]
</properties>
  <testcase name="testCreateBoard" classname="com.example.tests.SimpleBoardTest" time="1.715">
    <system-out><![CDATA[Initial board IDs: [1, 2]
Created board with ID: 3
Response: {
    "name": "aaaa",
    "user": 0,
    "starred": false,
    "created": "2025-07-06",
    "id": 3
}
Verified that board ID 3 exists in the boards list
Final board IDs: [1, 2, 3]
]]></system-out>
    <system-err><![CDATA[SLF4J: Failed to load class "org.slf4j.impl.StaticLoggerBinder".
SLF4J: Defaulting to no-operation (NOP) logger implementation
SLF4J: See http://www.slf4j.org/codes.html#StaticLoggerBinder for further details.
]]></system-err>
  </testcase>
  <testcase name="testDeleteBoard" classname="com.example.tests.SimpleBoardTest" time="0.085">
    <system-out><![CDATA[Verified that board ID 3 exists in the boards list
Successfully deleted board with ID: 3
Verified that board ID 3 is not in the boards list
]]></system-out>
  </testcase>
</testsuite>